File Size: 1842315885
token: 61684
timestamp: 1432890900017018840
bid_order_book: 
ask_order_book: 
orders: 0

token: 61750
timestamp: 1432890920017034393
bid_order_book: 23670:75 23660:225 23640:75 23625:150 23620:75 23610:75 23605:75 23600:300 
ask_order_book: 23765:525 23770:300 23780:825 23785:225 23795:375 23800:600 23810:225 23815:525 
orders: 415

token: 61763
timestamp: 1432890940017042815
bid_order_book: 6425:150 6420:825 6415:450 6410:1125 6405:375 6400:1050 6395:75 6390:525 
ask_order_book: 6450:1200 6455:375 6460:1125 6465:900 6470:450 6475:600 6480:900 6485:2175 
orders: 562

token: 61781
timestamp: 1432890960017044998
bid_order_book: 1410:1800 1405:2625 1400:3225 1395:1950 1390:1575 1385:1725 1380:1650 1375:900 
ask_order_book: 1415:225 1420:150 1425:1500 1430:2550 1435:2625 1440:975 1445:975 1450:4350 
orders: 253

token: 61684
timestamp: 1432890980017072562
bid_order_book: 7020:600 7015:1050 7010:1425 7005:750 7000:600 6995:225 6990:450 6985:150 
ask_order_book: 7040:525 7045:1125 7050:1950 7055:1425 7060:1725 7065:1200 7070:750 7075:150 
orders: 578

token: 61781
timestamp: 1432891000017144735
bid_order_book: 1580:2550 1575:1950 1570:3825 1565:2550 1560:1125 1555:2025 1550:600 1545:1725 
ask_order_book: 1590:1875 1595:3750 1600:2550 1605:5325 1610:2775 1615:2775 1620:825 1625:2625 
orders: 281

token: 61684
timestamp: 1432891020017145451
bid_order_book: 7280:450 7275:1050 7270:825 7265:375 7260:375 7255:300 7250:225 7245:5250 
ask_order_book: 7300:900 7305:300 7310:2100 7315:600 7320:1200 7325:1350 7330:1125 7335:975 
orders: 596

token: 61764
timestamp: 1432891040017151862
bid_order_book: 46205:600 46200:1050 46195:1425 46185:375 46180:225 46170:675 46165:225 46115:75 
ask_order_book: 46395:225 46400:75 46405:300 46410:75 46430:225 46445:75 46470:150 46475:150 
orders: 211

token: 61763
timestamp: 1432891060017152573
bid_order_book: 6705:1050 6700:1275 6695:825 6690:1200 6685:600 6680:225 6675:225 6670:1050 
ask_order_book: 6725:675 6730:1350 6735:975 6740:975 6745:525 6750:900 6755:525 6760:150 
orders: 646

token: 61750
timestamp: 1432891080017163124
bid_order_book: 22125:150 22120:75 22115:225 22110:300 22105:75 22100:300 22095:225 22085:75 
ask_order_book: 22180:600 22185:600 22190:450 22195:375 22200:675 22205:225 22210:75 22215:525 
orders: 469

token: 61764
timestamp: 1432891100017325082
bid_order_book: 44520:300 44515:150 44510:300 44505:75 44470:300 44465:300 44460:225 44435:525 
ask_order_book: 44635:75 44640:300 44645:150 44650:150 44670:525 44690:150 44695:1200 44710:75 
orders: 215

token: 61750
timestamp: 1432891120017348695
bid_order_book: 20545:75 20535:75 20530:300 20525:375 20520:750 20515:375 20510:150 20505:75 
ask_order_book: 20595:75 20600:75 20605:150 20610:1125 20620:225 20625:450 20635:75 20640:600 
orders: 449

token: 40486
timestamp: 1432891140017350988
bid_order_book: 31940:150 31935:375 31930:75 31925:150 31920:225 31910:525 31900:375 31885:225 
ask_order_book: 32045:450 32050:150 32055:225 32060:300 32065:75 32070:225 32075:225 32080:750 
orders: 110

token: 61670
timestamp: 1432891160017375041
bid_order_book: 1555:225 1550:2700 1545:825 1540:1275 1535:825 1530:525 1525:375 1520:1200 
ask_order_book: 1560:1425 1565:2700 1570:2100 1575:2475 1580:3675 1585:2400 1590:1125 1595:750 
orders: 221

token: 62423
timestamp: 1432891180017649105
bid_order_book: 22885:300 22865:150 22470:75 22465:600 22305:600 22220:1350 22145:750 22140:375 
ask_order_book: 23050:150 23205:450 23210:300 23215:375 23220:450 23225:450 23390:150 23395:75 
orders: 37

token: 61750
timestamp: 1432891200017675213
bid_order_book: 20710:150 20705:75 20700:900 20695:150 20690:375 20685:300 20675:375 20665:150 
ask_order_book: 20755:375 20760:375 20765:675 20770:675 20775:975 20780:375 20785:600 20790:975 
orders: 505

token: 61763
timestamp: 1432891220017710021
bid_order_book: 7610:750 7605:1500 7600:1875 7595:1125 7590:525 7585:300 7580:375 7575:150 
ask_order_book: 7625:75 7630:225 7635:1425 7640:1050 7645:675 7650:900 7655:300 7660:1425 
orders: 707

token: 61683
timestamp: 1432891240017724842
bid_order_book: 44125:75 44120:75 44115:75 44105:300 44100:600 44090:225 44070:375 44055:225 
ask_order_book: 44275:300 44280:375 44285:150 44290:225 44295:300 44300:150 44310:150 44330:675 
orders: 355

token: 61763
timestamp: 1432891260017725143
bid_order_book: 7905:150 7900:1275 7895:600 7890:600 7880:900 7875:450 7870:150 7865:525 
ask_order_book: 7925:675 7930:975 7935:750 7940:600 7945:375 7950:150 7955:675 7960:1125 
orders: 713

token: 61727
timestamp: 1432891280017756605
bid_order_book: 20715:150 20705:150 20700:225 20695:150 20690:150 20685:600 20680:450 20675:450 
ask_order_book: 20760:600 20765:1200 20770:525 20775:375 20780:150 20785:300 20790:750 20795:525 
orders: 756

token: 57133
timestamp: 1432891300017824986
bid_order_book: 2487120:75 2487000:75 2486700:75 2486620:75 2486590:150 2486580:75 2486570:150 2486560:75 
ask_order_book: 2487270:75 2487280:375 2487290:375 2487300:675 2487310:975 2487320:1725 2487330:750 2487340:1875 
orders: 906

token: 44908
timestamp: 1432891320017833987
bid_order_book: 7095:225 7005:300 6800:75 6725:600 6715:675 6710:1800 6685:600 6625:1500 
ask_order_book: 7200:75 7280:300 7420:675 7425:2100 7500:300 7535:750 7545:750 7550:750 
orders: 33

token: 40504
timestamp: 1432891340017840215
bid_order_book: 48735:75 48725:150 48700:150 48685:150 48680:75 48665:75 48660:75 48645:150 
ask_order_book: 48890:150 48895:75 48905:75 48915:75 48925:75 48930:225 48935:75 48945:150 
orders: 91

token: 60077
timestamp: 1432891360017914549
bid_order_book: 19375:65 19370:65 19330:65 19325:65 19320:65 19290:260 19220:195 19215:65 
ask_order_book: 19485:65 19490:65 19495:65 19500:130 19505:65 19515:65 19550:195 19555:65 
orders: 109

Elapsed time: 4.03049e+06
Data rate: 457.095MBps
40351 89639
